<?xml version="1.0" encoding="UTF-8"?>
<testsuite xmlns:xsi="http://www.w3.org/2001/XMLSchema-instance" xsi:noNamespaceSchemaLocation="https://maven.apache.org/surefire/maven-surefire-plugin/xsd/surefire-test-report.xsd" version="3.0.2" name="in.koost.pfi_tcscc_koost_auth_service.PfiTcsccKoostAuthServiceApplicationTests" time="5.254" tests="1" errors="0" skipped="0" failures="0">
  <properties>
[...]
</properties>
  <testcase name="contextLoads" classname="in.koost.pfi_tcscc_koost_auth_service.PfiTcsccKoostAuthServiceApplicationTests" time="1.274">
    <system-out><![CDATA[17:45:22.769 [main] INFO org.springframework.test.context.support.AnnotationConfigContextLoaderUtils -- Could not detect default configuration classes for test class [in.koost.pfi_tcscc_koost_auth_service.PfiTcsccKoostAuthServiceApplicationTests]: PfiTcsccKoostAuthServiceApplicationTests does not declare any static, non-private, non-final, nested classes annotated with @Configuration.
17:45:22.959 [main] INFO org.springframework.boot.test.context.SpringBootTestContextBootstrapper -- Found @SpringBootConfiguration in.koost.pfi_tcscc_koost_auth_service.PfiTcsccKoostAuthServiceApplication for test class in.koost.pfi_tcscc_koost_auth_service.PfiTcsccKoostAuthServiceApplicationTests

  .   ____          _            __ _ _
 /\\ / ___'_ __ _ _(_)_ __  __ _ \ \ \ \
( ( )\___ | '_ | '_| | '_ \/ _` | \ \ \ \
 \\/  ___)| |_)| | | | | || (_| |  ) ) ) )
  '  |____| .__|_| |_|_| |_\__, | / / / /
 =========|_|==============|___/=/_/_/_/

 :: Spring Boot ::                (v3.4.4)

2025-05-06T17:45:23.653+05:30  INFO 13792 --- [           main] PfiTcsccKoostAuthServiceApplicationTests : Starting PfiTcsccKoostAuthServiceApplicationTests using Java 23.0.2 with PID 13792 (started by kooka in C:\Users\kooka\IdeaProjects\pfi-tcscc-koost-auth-service)
2025-05-06T17:45:23.657+05:30  INFO 13792 --- [           main] PfiTcsccKoostAuthServiceApplicationTests : No active profile set, falling back to 1 default profile: "default"
2025-05-06T17:45:24.516+05:30  INFO 13792 --- [           main] .s.d.r.c.RepositoryConfigurationDelegate : Bootstrapping Spring Data R2DBC repositories in DEFAULT mode.
2025-05-06T17:45:24.747+05:30  INFO 13792 --- [           main] .s.d.r.c.RepositoryConfigurationDelegate : Finished Spring Data repository scanning in 220 ms. Found 1 R2DBC repository interface.
2025-05-06T17:45:26.516+05:30  INFO 13792 --- [           main] PfiTcsccKoostAuthServiceApplicationTests : Started PfiTcsccKoostAuthServiceApplicationTests in 3.321 seconds (process running for 4.908)
]]></system-out>
    <system-err><![CDATA[Mockito is currently self-attaching to enable the inline-mock-maker. This will no longer work in future releases of the JDK. Please add Mockito as an agent to your build what is described in Mockito's documentation: https://javadoc.io/doc/org.mockito/mockito-core/latest/org/mockito/Mockito.html#0.3
WARNING: A Java agent has been loaded dynamically (C:\Users\kooka\.m2\repository\net\bytebuddy\byte-buddy-agent\1.15.11\byte-buddy-agent-1.15.11.jar)
WARNING: If a serviceability tool is in use, please run with -XX:+EnableDynamicAgentLoading to hide this warning
WARNING: If a serviceability tool is not in use, please run with -Djdk.instrument.traceUsage for more information
WARNING: Dynamic loading of agents will be disallowed by default in a future release
]]></system-err>
  </testcase>
</testsuite>